<?xml version="1.0" encoding="UTF-8" ?>
<testsuite failures="0" time="5.174" errors="0" skipped="0" tests="1" name="cn.hsbc.service.ItemsServiceTest">
  <properties>
    <property name="java.runtime.name" value="Java(TM) SE Runtime Environment"/>
    <property name="sun.boot.library.path" value="D:\develop\Java\jdk1.7.0_80\jre\bin"/>
    <property name="java.vm.version" value="24.80-b11"/>
    <property name="java.vm.vendor" value="Oracle Corporation"/>
    <property name="java.vendor.url" value="http://java.oracle.com/"/>
    <property name="path.separator" value=";"/>
    <property name="java.vm.name" value="Java HotSpot(TM) 64-Bit Server VM"/>
    <property name="file.encoding.pkg" value="sun.io"/>
    <property name="user.script" value=""/>
    <property name="user.country" value="CN"/>
    <property name="sun.java.launcher" value="SUN_STANDARD"/>
    <property name="sun.os.patch.level" value="Service Pack 1"/>
    <property name="java.vm.specification.name" value="Java Virtual Machine Specification"/>
    <property name="user.dir" value="F:\workspase\parent\firstDemo"/>
    <property name="java.runtime.version" value="1.7.0_80-b15"/>
    <property name="java.awt.graphicsenv" value="sun.awt.Win32GraphicsEnvironment"/>
    <property name="basedir" value="F:\workspase\parent\firstDemo"/>
    <property name="java.endorsed.dirs" value="D:\develop\Java\jdk1.7.0_80\jre\lib\endorsed"/>
    <property name="os.arch" value="amd64"/>
    <property name="surefire.real.class.path" value="F:\workspase\parent\firstDemo\target\surefire\surefirebooter8021334709395103635.jar"/>
    <property name="java.io.tmpdir" value="C:\Users\ADMINI~1\AppData\Local\Temp\"/>
    <property name="line.separator" value="
"/>
    <property name="java.vm.specification.vendor" value="Oracle Corporation"/>
    <property name="user.variant" value=""/>
    <property name="os.name" value="Windows 7"/>
    <property name="sun.jnu.encoding" value="GBK"/>
    <property name="java.library.path" value="D:\develop\Java\jdk1.7.0_80\jre\bin;C:\Windows\Sun\Java\bin;C:\Windows\system32;C:\Windows;D:/develop/Java/jdk1.7.0_80/bin/../jre/bin/server;D:/develop/Java/jdk1.7.0_80/bin/../jre/bin;D:/develop/Java/jdk1.7.0_80/bin/../jre/lib/amd64;D:\develop\Java\jdk1.7.0_80\bin;D:\develop\apache-maven-3.0.4\bin;C:\Windows\system32;C:\Windows;C:\Windows\System32\Wbem;C:\Windows\System32\WindowsPowerShell\v1.0\ ;D:\develop\mysql\MySQL Server 5.5\bin;D:\develop\Subversion\bin;D:\develop\Java\jdk1.7.0_80\bin;D:\develop\apache-cxf-3.0.5;\bin;D:\develop\mysql\bin;D:\develop\springsource\sts-2.9.2.RELEASE;;."/>
    <property name="surefire.test.class.path" value="F:\workspase\parent\firstDemo\target\test-classes;F:\workspase\parent\firstDemo\target\classes;D:\babasportMaven\repository\cn\itcast\babasport\babasport-core\0.0.1-SNAPSHOT\babasport-core-0.0.1-SNAPSHOT.jar;D:\babasportMaven\repository\junit\junit\4.8.2\junit-4.8.2.jar;D:\babasportMaven\repository\org\springframework\spring-core\3.2.0.RELEASE\spring-core-3.2.0.RELEASE.jar;D:\babasportMaven\repository\commons-logging\commons-logging\1.1.1\commons-logging-1.1.1.jar;D:\babasportMaven\repository\org\springframework\spring-web\3.2.0.RELEASE\spring-web-3.2.0.RELEASE.jar;D:\babasportMaven\repository\org\springframework\spring-context\3.2.0.RELEASE\spring-context-3.2.0.RELEASE.jar;D:\babasportMaven\repository\org\springframework\spring-aop\3.2.0.RELEASE\spring-aop-3.2.0.RELEASE.jar;D:\babasportMaven\repository\aopalliance\aopalliance\1.0\aopalliance-1.0.jar;D:\babasportMaven\repository\org\springframework\spring-beans\3.2.0.RELEASE\spring-beans-3.2.0.RELEASE.jar;D:\babasportMaven\repository\org\springframework\spring-test\3.2.0.RELEASE\spring-test-3.2.0.RELEASE.jar;D:\babasportMaven\repository\org\springframework\spring-aspects\3.2.0.RELEASE\spring-aspects-3.2.0.RELEASE.jar;D:\babasportMaven\repository\org\aspectj\aspectjweaver\1.7.1\aspectjweaver-1.7.1.jar;D:\babasportMaven\repository\org\springframework\spring-context-support\3.2.0.RELEASE\spring-context-support-3.2.0.RELEASE.jar;D:\babasportMaven\repository\org\springframework\spring-webmvc\3.2.0.RELEASE\spring-webmvc-3.2.0.RELEASE.jar;D:\babasportMaven\repository\org\springframework\spring-expression\3.2.0.RELEASE\spring-expression-3.2.0.RELEASE.jar;D:\babasportMaven\repository\org\springframework\spring-jdbc\3.2.0.RELEASE\spring-jdbc-3.2.0.RELEASE.jar;D:\babasportMaven\repository\org\springframework\spring-tx\3.2.0.RELEASE\spring-tx-3.2.0.RELEASE.jar;D:\babasportMaven\repository\org\springframework\spring-instrument\3.2.0.RELEASE\spring-instrument-3.2.0.RELEASE.jar;D:\babasportMaven\repository\org\springframework\spring-instrument-tomcat\3.2.0.RELEASE\spring-instrument-tomcat-3.2.0.RELEASE.jar;D:\babasportMaven\repository\org\codehaus\jackson\jackson-mapper-asl\1.9.12\jackson-mapper-asl-1.9.12.jar;D:\babasportMaven\repository\org\codehaus\jackson\jackson-core-asl\1.9.12\jackson-core-asl-1.9.12.jar;D:\babasportMaven\repository\org\mybatis\mybatis\3.2.7\mybatis-3.2.7.jar;D:\babasportMaven\repository\org\mybatis\mybatis-spring\1.2.2\mybatis-spring-1.2.2.jar;D:\babasportMaven\repository\mysql\mysql-connector-java\5.1.8\mysql-connector-java-5.1.8.jar;D:\babasportMaven\repository\c3p0\c3p0\0.9.1.2\c3p0-0.9.1.2.jar;D:\babasportMaven\repository\commons-collections\commons-collections\1.0\commons-collections-1.0.jar;D:\babasportMaven\repository\commons-fileupload\commons-fileupload\1.2.2\commons-fileupload-1.2.2.jar;D:\babasportMaven\repository\org\apache\commons\commons-lang3\3.1\commons-lang3-3.1.jar;D:\babasportMaven\repository\commons-codec\commons-codec\1.6\commons-codec-1.6.jar;D:\babasportMaven\repository\dom4j\dom4j\1.6.1\dom4j-1.6.1.jar;D:\babasportMaven\repository\xml-apis\xml-apis\1.0.b2\xml-apis-1.0.b2.jar;D:\babasportMaven\repository\javax\servlet\servlet-api\2.5\servlet-api-2.5.jar;D:\babasportMaven\repository\javax\servlet\jsp\jsp-api\2.1\jsp-api-2.1.jar;D:\babasportMaven\repository\jstl\jstl\1.2\jstl-1.2.jar;D:\babasportMaven\repository\taglibs\standard\1.1.2\standard-1.1.2.jar;D:\babasportMaven\repository\org\slf4j\slf4j-log4j12\1.6.6\slf4j-log4j12-1.6.6.jar;D:\babasportMaven\repository\log4j\log4j\1.2.17\log4j-1.2.17.jar;D:\babasportMaven\repository\org\slf4j\slf4j-api\1.6.6\slf4j-api-1.6.6.jar;D:\babasportMaven\repository\javax\activation\activation\1.1.1\activation-1.1.1.jar;D:\babasportMaven\repository\cglib\cglib\2.2.2\cglib-2.2.2.jar;D:\babasportMaven\repository\asm\asm\3.3.1\asm-3.3.1.jar;D:\babasportMaven\repository\net\fckeditor\java-core\2.6\java-core-2.6.jar;D:\babasportMaven\repository\commons-io\commons-io\1.3.2\commons-io-1.3.2.jar;D:\babasportMaven\repository\org\devlib\schmidt\imageinfo\1.9\imageinfo-1.9.jar;D:\babasportMaven\repository\org\json\json\20131018\json-20131018.jar;D:\babasportMaven\repository\com\sun\jersey\jersey-client\1.18.1\jersey-client-1.18.1.jar;D:\babasportMaven\repository\com\sun\jersey\jersey-core\1.18.1\jersey-core-1.18.1.jar;D:\babasportMaven\repository\redis\clients\jedis\2.7.0\jedis-2.7.0.jar;D:\babasportMaven\repository\org\apache\commons\commons-pool2\2.3\commons-pool2-2.3.jar;"/>
    <property name="java.specification.name" value="Java Platform API Specification"/>
    <property name="java.class.version" value="51.0"/>
    <property name="sun.management.compiler" value="HotSpot 64-Bit Tiered Compilers"/>
    <property name="os.version" value="6.1"/>
    <property name="user.home" value="C:\Users\Administrator"/>
    <property name="user.timezone" value="Asia/Shanghai"/>
    <property name="java.awt.printerjob" value="sun.awt.windows.WPrinterJob"/>
    <property name="java.specification.version" value="1.7"/>
    <property name="file.encoding" value="GBK"/>
    <property name="user.name" value="Administrator"/>
    <property name="java.class.path" value="F:\workspase\parent\firstDemo\target\test-classes;F:\workspase\parent\firstDemo\target\classes;D:\babasportMaven\repository\cn\itcast\babasport\babasport-core\0.0.1-SNAPSHOT\babasport-core-0.0.1-SNAPSHOT.jar;D:\babasportMaven\repository\junit\junit\4.8.2\junit-4.8.2.jar;D:\babasportMaven\repository\org\springframework\spring-core\3.2.0.RELEASE\spring-core-3.2.0.RELEASE.jar;D:\babasportMaven\repository\commons-logging\commons-logging\1.1.1\commons-logging-1.1.1.jar;D:\babasportMaven\repository\org\springframework\spring-web\3.2.0.RELEASE\spring-web-3.2.0.RELEASE.jar;D:\babasportMaven\repository\org\springframework\spring-context\3.2.0.RELEASE\spring-context-3.2.0.RELEASE.jar;D:\babasportMaven\repository\org\springframework\spring-aop\3.2.0.RELEASE\spring-aop-3.2.0.RELEASE.jar;D:\babasportMaven\repository\aopalliance\aopalliance\1.0\aopalliance-1.0.jar;D:\babasportMaven\repository\org\springframework\spring-beans\3.2.0.RELEASE\spring-beans-3.2.0.RELEASE.jar;D:\babasportMaven\repository\org\springframework\spring-test\3.2.0.RELEASE\spring-test-3.2.0.RELEASE.jar;D:\babasportMaven\repository\org\springframework\spring-aspects\3.2.0.RELEASE\spring-aspects-3.2.0.RELEASE.jar;D:\babasportMaven\repository\org\aspectj\aspectjweaver\1.7.1\aspectjweaver-1.7.1.jar;D:\babasportMaven\repository\org\springframework\spring-context-support\3.2.0.RELEASE\spring-context-support-3.2.0.RELEASE.jar;D:\babasportMaven\repository\org\springframework\spring-webmvc\3.2.0.RELEASE\spring-webmvc-3.2.0.RELEASE.jar;D:\babasportMaven\repository\org\springframework\spring-expression\3.2.0.RELEASE\spring-expression-3.2.0.RELEASE.jar;D:\babasportMaven\repository\org\springframework\spring-jdbc\3.2.0.RELEASE\spring-jdbc-3.2.0.RELEASE.jar;D:\babasportMaven\repository\org\springframework\spring-tx\3.2.0.RELEASE\spring-tx-3.2.0.RELEASE.jar;D:\babasportMaven\repository\org\springframework\spring-instrument\3.2.0.RELEASE\spring-instrument-3.2.0.RELEASE.jar;D:\babasportMaven\repository\org\springframework\spring-instrument-tomcat\3.2.0.RELEASE\spring-instrument-tomcat-3.2.0.RELEASE.jar;D:\babasportMaven\repository\org\codehaus\jackson\jackson-mapper-asl\1.9.12\jackson-mapper-asl-1.9.12.jar;D:\babasportMaven\repository\org\codehaus\jackson\jackson-core-asl\1.9.12\jackson-core-asl-1.9.12.jar;D:\babasportMaven\repository\org\mybatis\mybatis\3.2.7\mybatis-3.2.7.jar;D:\babasportMaven\repository\org\mybatis\mybatis-spring\1.2.2\mybatis-spring-1.2.2.jar;D:\babasportMaven\repository\mysql\mysql-connector-java\5.1.8\mysql-connector-java-5.1.8.jar;D:\babasportMaven\repository\c3p0\c3p0\0.9.1.2\c3p0-0.9.1.2.jar;D:\babasportMaven\repository\commons-collections\commons-collections\1.0\commons-collections-1.0.jar;D:\babasportMaven\repository\commons-fileupload\commons-fileupload\1.2.2\commons-fileupload-1.2.2.jar;D:\babasportMaven\repository\org\apache\commons\commons-lang3\3.1\commons-lang3-3.1.jar;D:\babasportMaven\repository\commons-codec\commons-codec\1.6\commons-codec-1.6.jar;D:\babasportMaven\repository\dom4j\dom4j\1.6.1\dom4j-1.6.1.jar;D:\babasportMaven\repository\xml-apis\xml-apis\1.0.b2\xml-apis-1.0.b2.jar;D:\babasportMaven\repository\javax\servlet\servlet-api\2.5\servlet-api-2.5.jar;D:\babasportMaven\repository\javax\servlet\jsp\jsp-api\2.1\jsp-api-2.1.jar;D:\babasportMaven\repository\jstl\jstl\1.2\jstl-1.2.jar;D:\babasportMaven\repository\taglibs\standard\1.1.2\standard-1.1.2.jar;D:\babasportMaven\repository\org\slf4j\slf4j-log4j12\1.6.6\slf4j-log4j12-1.6.6.jar;D:\babasportMaven\repository\log4j\log4j\1.2.17\log4j-1.2.17.jar;D:\babasportMaven\repository\org\slf4j\slf4j-api\1.6.6\slf4j-api-1.6.6.jar;D:\babasportMaven\repository\javax\activation\activation\1.1.1\activation-1.1.1.jar;D:\babasportMaven\repository\cglib\cglib\2.2.2\cglib-2.2.2.jar;D:\babasportMaven\repository\asm\asm\3.3.1\asm-3.3.1.jar;D:\babasportMaven\repository\net\fckeditor\java-core\2.6\java-core-2.6.jar;D:\babasportMaven\repository\commons-io\commons-io\1.3.2\commons-io-1.3.2.jar;D:\babasportMaven\repository\org\devlib\schmidt\imageinfo\1.9\imageinfo-1.9.jar;D:\babasportMaven\repository\org\json\json\20131018\json-20131018.jar;D:\babasportMaven\repository\com\sun\jersey\jersey-client\1.18.1\jersey-client-1.18.1.jar;D:\babasportMaven\repository\com\sun\jersey\jersey-core\1.18.1\jersey-core-1.18.1.jar;D:\babasportMaven\repository\redis\clients\jedis\2.7.0\jedis-2.7.0.jar;D:\babasportMaven\repository\org\apache\commons\commons-pool2\2.3\commons-pool2-2.3.jar;"/>
    <property name="java.vm.specification.version" value="1.7"/>
    <property name="sun.arch.data.model" value="64"/>
    <property name="java.home" value="D:\develop\Java\jdk1.7.0_80\jre"/>
    <property name="sun.java.command" value="F:\workspase\parent\firstDemo\target\surefire\surefirebooter8021334709395103635.jar F:\workspase\parent\firstDemo\target\surefire\surefire7748100723531036444tmp F:\workspase\parent\firstDemo\target\surefire\surefire8755086002825236014tmp"/>
    <property name="java.specification.vendor" value="Oracle Corporation"/>
    <property name="user.language" value="zh"/>
    <property name="awt.toolkit" value="sun.awt.windows.WToolkit"/>
    <property name="java.vm.info" value="mixed mode"/>
    <property name="java.version" value="1.7.0_80"/>
    <property name="java.ext.dirs" value="D:\develop\Java\jdk1.7.0_80\jre\lib\ext;C:\Windows\Sun\Java\lib\ext"/>
    <property name="sun.boot.class.path" value="D:\develop\Java\jdk1.7.0_80\jre\lib\resources.jar;D:\develop\Java\jdk1.7.0_80\jre\lib\rt.jar;D:\develop\Java\jdk1.7.0_80\jre\lib\sunrsasign.jar;D:\develop\Java\jdk1.7.0_80\jre\lib\jsse.jar;D:\develop\Java\jdk1.7.0_80\jre\lib\jce.jar;D:\develop\Java\jdk1.7.0_80\jre\lib\charsets.jar;D:\develop\Java\jdk1.7.0_80\jre\lib\jfr.jar;D:\develop\Java\jdk1.7.0_80\jre\classes"/>
    <property name="java.vendor" value="Oracle Corporation"/>
    <property name="localRepository" value="D:\babasportMaven\repository"/>
    <property name="file.separator" value="\"/>
    <property name="java.vendor.url.bug" value="http://bugreport.sun.com/bugreport/"/>
    <property name="sun.cpu.endian" value="little"/>
    <property name="sun.io.unicode.encoding" value="UnicodeLittle"/>
    <property name="sun.desktop" value="windows"/>
    <property name="sun.cpu.isalist" value="amd64"/>
  </properties>
  <testcase time="4.916" classname="cn.hsbc.service.ItemsServiceTest" name="findAll"/>
</testsuite>